2024-04-30 16:35:22 [Info] [alog/cmd/main.go=>main:64] 写入文件中1 2024-04-30 16:35:22.2398455 +0800 CST m=+0.0289493012024-04-30 16:35:22 [Unknown] [alog/cmd/main.go=>main:65] 亮色字体1, 2024-04-30 16:35:22.2408963 +0800 CST m=+0.030000101 
2024-04-30 16:35:22 [Debug] [alog/cmd/main.go=>main:66] 白色字体2, 2024-04-30 16:35:22.2408963 +0800 CST m=+0.030000101 
2024-04-30 16:35:22 [Info] [alog/cmd/main.go=>main:67] 蓝色字体3, 2024-04-30 16:35:22.2415349 +0800 CST m=+0.030638701 
2024-04-30 16:35:22 [Warn] [alog/cmd/main.go=>main:68] 黄色字体4, 2024-04-30 16:35:22.2420672 +0800 CST m=+0.031171001 
2024-04-30 16:35:22 [Error] [alog/cmd/main.go=>main:69] 红色字体5, 2024-04-30 16:35:22.2425955 +0800 CST m=+0.031699301 
2024-04-30 16:35:22 [Fatal] [alog/cmd/main.go=>main:70] 粉色字体6, 2024-04-30 16:35:22.2425955 +0800 CST m=+0.031699301 
2024-04-30 16:35:22 [Unknown] [alog/cmd/main.go=>main:71] 亮色字体1 2024-04-30 16:35:22.2431351 +0800 CST m=+0.0322389012024-04-30 16:35:23 [Info] [alog/cmd/main.go=>main:64] 写入文件中2 2024-04-30 16:35:23.2485126 +0800 CST m=+1.0376164012024-04-30 16:35:23 [Unknown] [alog/cmd/main.go=>main:65] 亮色字体1, 2024-04-30 16:35:23.2501297 +0800 CST m=+1.039233501 
2024-04-30 16:35:23 [Debug] [alog/cmd/main.go=>main:66] 白色字体2, 2024-04-30 16:35:23.2506566 +0800 CST m=+1.039760401 
2024-04-30 16:35:23 [Info] [alog/cmd/main.go=>main:67] 蓝色字体3, 2024-04-30 16:35:23.2506566 +0800 CST m=+1.039760401 
2024-04-30 16:35:23 [Warn] [alog/cmd/main.go=>main:68] 黄色字体4, 2024-04-30 16:35:23.2511819 +0800 CST m=+1.040285701 
2024-04-30 16:35:23 [Error] [alog/cmd/main.go=>main:69] 红色字体5, 2024-04-30 16:35:23.2511819 +0800 CST m=+1.040285701 
2024-04-30 16:35:23 [Fatal] [alog/cmd/main.go=>main:70] 粉色字体6, 2024-04-30 16:35:23.2517074 +0800 CST m=+1.040811201 
2024-04-30 16:35:23 [Unknown] [alog/cmd/main.go=>main:71] 亮色字体1 2024-04-30 16:35:23.2517074 +0800 CST m=+1.0408112012024-04-30 16:35:24 [Info] [alog/cmd/main.go=>main:64] 写入文件中3 2024-04-30 16:35:24.2669413 +0800 CST m=+2.0560451012024-04-30 16:35:24 [Unknown] [alog/cmd/main.go=>main:65] 亮色字体1, 2024-04-30 16:35:24.2685605 +0800 CST m=+2.057664301 
2024-04-30 16:35:24 [Debug] [alog/cmd/main.go=>main:66] 白色字体2, 2024-04-30 16:35:24.2691037 +0800 CST m=+2.058207501 
2024-04-30 16:35:24 [Info] [alog/cmd/main.go=>main:67] 蓝色字体3, 2024-04-30 16:35:24.269649 +0800 CST m=+2.058752801 
2024-04-30 16:35:24 [Warn] [alog/cmd/main.go=>main:68] 黄色字体4, 2024-04-30 16:35:24.2701945 +0800 CST m=+2.059298301 
2024-04-30 16:35:24 [Error] [alog/cmd/main.go=>main:69] 红色字体5, 2024-04-30 16:35:24.2707257 +0800 CST m=+2.059829501 
2024-04-30 16:35:24 [Fatal] [alog/cmd/main.go=>main:70] 粉色字体6, 2024-04-30 16:35:24.2712674 +0800 CST m=+2.060371201 
2024-04-30 16:35:24 [Unknown] [alog/cmd/main.go=>main:71] 亮色字体1 2024-04-30 16:35:24.2712674 +0800 CST m=+2.0603712012024-04-30 16:35:25 [Info] [alog/cmd/main.go=>main:64] 写入文件中4 2024-04-30 16:35:25.2773254 +0800 CST m=+3.0664292012024-04-30 16:35:25 [Unknown] [alog/cmd/main.go=>main:65] 亮色字体1, 2024-04-30 16:35:25.2784091 +0800 CST m=+3.067512901 
2024-04-30 16:35:25 [Debug] [alog/cmd/main.go=>main:66] 白色字体2, 2024-04-30 16:35:25.2789403 +0800 CST m=+3.068044101 
2024-04-30 16:35:25 [Info] [alog/cmd/main.go=>main:67] 蓝色字体3, 2024-04-30 16:35:25.2789403 +0800 CST m=+3.068044101 
2024-04-30 16:35:25 [Warn] [alog/cmd/main.go=>main:68] 黄色字体4, 2024-04-30 16:35:25.2807348 +0800 CST m=+3.069838601 
2024-04-30 16:35:25 [Error] [alog/cmd/main.go=>main:69] 红色字体5, 2024-04-30 16:35:25.2807348 +0800 CST m=+3.069838601 
2024-04-30 16:35:25 [Fatal] [alog/cmd/main.go=>main:70] 粉色字体6, 2024-04-30 16:35:25.2812763 +0800 CST m=+3.070380101 
2024-04-30 16:35:25 [Unknown] [alog/cmd/main.go=>main:71] 亮色字体1 2024-04-30 16:35:25.2817971 +0800 CST m=+3.0709009012024-04-30 16:35:26 [Info] [alog/cmd/main.go=>main:64] 写入文件中5 2024-04-30 16:35:26.2853723 +0800 CST m=+4.0744761012024-04-30 16:35:26 [Unknown] [alog/cmd/main.go=>main:65] 亮色字体1, 2024-04-30 16:35:26.2865179 +0800 CST m=+4.075621701 
2024-04-30 16:35:26 [Debug] [alog/cmd/main.go=>main:66] 白色字体2, 2024-04-30 16:35:26.2870487 +0800 CST m=+4.076152501 
2024-04-30 16:35:26 [Info] [alog/cmd/main.go=>main:67] 蓝色字体3, 2024-04-30 16:35:26.2875785 +0800 CST m=+4.076682301 
2024-04-30 16:35:26 [Warn] [alog/cmd/main.go=>main:68] 黄色字体4, 2024-04-30 16:35:26.2875785 +0800 CST m=+4.076682301 
2024-04-30 16:35:26 [Error] [alog/cmd/main.go=>main:69] 红色字体5, 2024-04-30 16:35:26.2881271 +0800 CST m=+4.077230901 
2024-04-30 16:35:26 [Fatal] [alog/cmd/main.go=>main:70] 粉色字体6, 2024-04-30 16:35:26.2881271 +0800 CST m=+4.077230901 
2024-04-30 16:35:26 [Unknown] [alog/cmd/main.go=>main:71] 亮色字体1 2024-04-30 16:35:26.2886364 +0800 CST m=+4.0777402012024-04-30 16:35:27 [Info] [alog/cmd/main.go=>main:64] 写入文件中6 2024-04-30 16:35:27.3015312 +0800 CST m=+5.0906350012024-04-30 16:35:27 [Unknown] [alog/cmd/main.go=>main:65] 亮色字体1, 2024-04-30 16:35:27.3026528 +0800 CST m=+5.091756601 
2024-04-30 16:35:27 [Debug] [alog/cmd/main.go=>main:66] 白色字体2, 2024-04-30 16:35:27.3043143 +0800 CST m=+5.093418101 
2024-04-30 16:35:27 [Info] [alog/cmd/main.go=>main:67] 蓝色字体3, 2024-04-30 16:35:27.3043143 +0800 CST m=+5.093418101 
2024-04-30 16:35:27 [Warn] [alog/cmd/main.go=>main:68] 黄色字体4, 2024-04-30 16:35:27.304858 +0800 CST m=+5.093961801 
2024-04-30 16:35:27 [Error] [alog/cmd/main.go=>main:69] 红色字体5, 2024-04-30 16:35:27.304858 +0800 CST m=+5.093961801 
2024-04-30 16:35:27 [Fatal] [alog/cmd/main.go=>main:70] 粉色字体6, 2024-04-30 16:35:27.3053788 +0800 CST m=+5.094482601 
2024-04-30 16:35:27 [Unknown] [alog/cmd/main.go=>main:71] 亮色字体1 2024-04-30 16:35:27.3053788 +0800 CST m=+5.0944826012024-04-30 16:35:28 [Info] [alog/cmd/main.go=>main:64] 写入文件中7 2024-04-30 16:35:28.3202981 +0800 CST m=+6.1094019012024-04-30 16:35:28 [Unknown] [alog/cmd/main.go=>main:65] 亮色字体1, 2024-04-30 16:35:28.3208849 +0800 CST m=+6.109988701 
2024-04-30 16:35:28 [Debug] [alog/cmd/main.go=>main:66] 白色字体2, 2024-04-30 16:35:28.3214124 +0800 CST m=+6.110516201 
2024-04-30 16:35:28 [Info] [alog/cmd/main.go=>main:67] 蓝色字体3, 2024-04-30 16:35:28.3214124 +0800 CST m=+6.110516201 
2024-04-30 16:35:28 [Warn] [alog/cmd/main.go=>main:68] 黄色字体4, 2024-04-30 16:35:28.3219396 +0800 CST m=+6.111043401 
2024-04-30 16:35:28 [Error] [alog/cmd/main.go=>main:69] 红色字体5, 2024-04-30 16:35:28.3219396 +0800 CST m=+6.111043401 
2024-04-30 16:35:28 [Fatal] [alog/cmd/main.go=>main:70] 粉色字体6, 2024-04-30 16:35:28.3224776 +0800 CST m=+6.111581401 
2024-04-30 16:35:28 [Unknown] [alog/cmd/main.go=>main:71] 亮色字体1 2024-04-30 16:35:28.3224776 +0800 CST m=+6.1115814012024-04-30 16:35:29 [Info] [alog/cmd/main.go=>main:64] 写入文件中8 2024-04-30 16:35:29.3322442 +0800 CST m=+7.1213480012024-04-30 16:35:29 [Unknown] [alog/cmd/main.go=>main:65] 亮色字体1, 2024-04-30 16:35:29.3327762 +0800 CST m=+7.121880001 
